C:\USERS\USER\DESKTOP\PROJECT\PROJECT\DEBUG\IMAGE.OBJ
C:\USERS\USER\DESKTOP\PROJECT\PROJECT\DEBUG\MAIN.OBJ
C:\USERS\USER\DESKTOP\PROJECT\PROJECT\DEBUG\MOUSE.OBJ
C:\USERS\USER\DESKTOP\PROJECT\PROJECT\DEBUG\WAVE.OBJ
C:\USERS\USER\DESKTOP\PROJECT\PROJECT\DEBUG\VC110.PDB
C:\USERS\USER\DESKTOP\PROJECT\PROJECT\DEBUG\PROJECT1.ILK
C:\USERS\USER\DESKTOP\PROJECT\PROJECT\DEBUG\PROJECT1.EXE
C:\USERS\USER\DESKTOP\PROJECT\PROJECT\DEBUG\PROJECT1.PDB
C:\Users\USER\Desktop\Project\Project\Debug\Image.obj
C:\Users\USER\Desktop\Project\Project\Debug\Main.obj
C:\Users\USER\Desktop\Project\Project\Debug\mouse.obj
C:\Users\USER\Desktop\Project\Project\Debug\wave.obj
C:\Users\USER\Desktop\Project\Project\Debug\Project1.ilk
C:\Users\USER\Desktop\Project\Project\Debug\cl.command.1.tlog
C:\Users\USER\Desktop\Project\Project\Debug\CL.read.1.tlog
C:\Users\USER\Desktop\Project\Project\Debug\CL.write.1.tlog
C:\Users\USER\Desktop\Project\Project\Debug\link-cvtres.read.1.tlog
C:\Users\USER\Desktop\Project\Project\Debug\link-cvtres.write.1.tlog
C:\Users\USER\Desktop\Project\Project\Debug\link-rc.read.1.tlog
C:\Users\USER\Desktop\Project\Project\Debug\link-rc.write.1.tlog
C:\Users\USER\Desktop\Project\Project\Debug\link.23140-cvtres.read.1.tlog
C:\Users\USER\Desktop\Project\Project\Debug\link.23140-cvtres.write.1.tlog
C:\Users\USER\Desktop\Project\Project\Debug\link.23140-rc.read.1.tlog
C:\Users\USER\Desktop\Project\Project\Debug\link.23140-rc.write.1.tlog
C:\Users\USER\Desktop\Project\Project\Debug\link.23140.read.1.tlog
C:\Users\USER\Desktop\Project\Project\Debug\link.23140.write.1.tlog
C:\Users\USER\Desktop\Project\Project\Debug\link.28840-cvtres.read.1.tlog
C:\Users\USER\Desktop\Project\Project\Debug\link.28840-cvtres.write.1.tlog
C:\Users\USER\Desktop\Project\Project\Debug\link.28840-rc.read.1.tlog
C:\Users\USER\Desktop\Project\Project\Debug\link.28840-rc.write.1.tlog
C:\Users\USER\Desktop\Project\Project\Debug\link.28840.read.1.tlog
C:\Users\USER\Desktop\Project\Project\Debug\link.28840.write.1.tlog
C:\Users\USER\Desktop\Project\Project\Debug\link.35476-cvtres.read.1.tlog
C:\Users\USER\Desktop\Project\Project\Debug\link.35476-cvtres.write.1.tlog
C:\Users\USER\Desktop\Project\Project\Debug\link.35476-rc.read.1.tlog
C:\Users\USER\Desktop\Project\Project\Debug\link.35476-rc.write.1.tlog
C:\Users\USER\Desktop\Project\Project\Debug\link.35476.read.1.tlog
C:\Users\USER\Desktop\Project\Project\Debug\link.35476.write.1.tlog
C:\Users\USER\Desktop\Project\Project\Debug\link.41680-cvtres.read.1.tlog
C:\Users\USER\Desktop\Project\Project\Debug\link.41680-cvtres.write.1.tlog
C:\Users\USER\Desktop\Project\Project\Debug\link.41680-rc.read.1.tlog
C:\Users\USER\Desktop\Project\Project\Debug\link.41680-rc.write.1.tlog
C:\Users\USER\Desktop\Project\Project\Debug\link.41680.read.1.tlog
C:\Users\USER\Desktop\Project\Project\Debug\link.41680.write.1.tlog
C:\Users\USER\Desktop\Project\Project\Debug\link.42616-cvtres.read.1.tlog
C:\Users\USER\Desktop\Project\Project\Debug\link.42616-cvtres.write.1.tlog
C:\Users\USER\Desktop\Project\Project\Debug\link.42616-rc.read.1.tlog
C:\Users\USER\Desktop\Project\Project\Debug\link.42616-rc.write.1.tlog
C:\Users\USER\Desktop\Project\Project\Debug\link.42616.read.1.tlog
C:\Users\USER\Desktop\Project\Project\Debug\link.42616.write.1.tlog
C:\Users\USER\Desktop\Project\Project\Debug\link.46580-cvtres.read.1.tlog
C:\Users\USER\Desktop\Project\Project\Debug\link.46580-cvtres.write.1.tlog
C:\Users\USER\Desktop\Project\Project\Debug\link.46580-rc.read.1.tlog
C:\Users\USER\Desktop\Project\Project\Debug\link.46580-rc.write.1.tlog
C:\Users\USER\Desktop\Project\Project\Debug\link.46580.read.1.tlog
C:\Users\USER\Desktop\Project\Project\Debug\link.46580.write.1.tlog
C:\Users\USER\Desktop\Project\Project\Debug\link.command.1.tlog
C:\Users\USER\Desktop\Project\Project\Debug\link.read.1.tlog
C:\Users\USER\Desktop\Project\Project\Debug\link.write.1.tlog
C:\Users\USER\Desktop\Project\Project\Debug\vc110.idb
C:\Users\USER\Desktop\Project\Project\Debug\vc120.idb
C:\Users\USER\Desktop\Project\Project\Debug\Project1.pdb
C:\Users\USER\Desktop\Project\Project\Debug\vc110.pdb
C:\Users\USER\Desktop\Project\Project\Debug\vc120.pdb
C:\Users\USER\Desktop\Project\Project\Debug\Project1.exe
